**ERROR: (TECHLIB-1198):	The 'index_2' is defined but its corresponding 'variable_2' is not defined for template 'lu_table_template' 'load_template'. This may lead to undesirable analysis results. (File /nfs/site/disks/vmisd_vclp_efficiency/rcg/test/cadence/venvRcg/AsicMethadology/technology/45/lib/max/MEM2_4096X32_slow.lib, Line 135)
**ERROR: (TECHLIB-1198):	The 'index_2' is defined but its corresponding 'variable_2' is not defined for template 'lu_table_template' 'load_template'. This may lead to undesirable analysis results. (File /nfs/site/disks/vmisd_vclp_efficiency/rcg/test/cadence/venvRcg/AsicMethadology/technology/45/lib/max/MEM2_2048X32_slow.lib, Line 135)
**ERROR: (TECHLIB-1198):	The 'index_2' is defined but its corresponding 'variable_2' is not defined for template 'lu_table_template' 'load_template'. This may lead to undesirable analysis results. (File /nfs/site/disks/vmisd_vclp_efficiency/rcg/test/cadence/venvRcg/AsicMethadology/technology/45/lib/max/pdkIO.lib, Line 135)
**ERROR: (TECHLIB-1197):	The cell 'PADO' on line 142 is neither a pad cell nor an auxiliary pad cell but has 'is_pad' attribute set to true on  pin PAD at line 156. (File /nfs/site/disks/vmisd_vclp_efficiency/rcg/test/cadence/venvRcg/AsicMethadology/technology/45/lib/max/pdkIO.lib)
**ERROR: (TECHLIB-1197):	The cell 'PADI' on line 197 is neither a pad cell nor an auxiliary pad cell but has 'is_pad' attribute set to true on  pin PAD at line 204. (File /nfs/site/disks/vmisd_vclp_efficiency/rcg/test/cadence/venvRcg/AsicMethadology/technology/45/lib/max/pdkIO.lib)
**ERROR: (TECHLIB-1197):	The cell 'PADIO' on line 252 is neither a pad cell nor an auxiliary pad cell but has 'is_pad' attribute set to true on  pin PAD at line 260. (File /nfs/site/disks/vmisd_vclp_efficiency/rcg/test/cadence/venvRcg/AsicMethadology/technology/45/lib/max/pdkIO.lib)
**ERROR: (TECHLIB-1198):	The 'index_2' is defined but its corresponding 'variable_2' is not defined for template 'lu_table_template' 'load_template'. This may lead to undesirable analysis results. (File /nfs/site/disks/vmisd_vclp_efficiency/rcg/test/cadence/venvRcg/AsicMethadology/technology/45/lib/max/MEM2_512X32_slow.lib, Line 135)
**ERROR: (TECHLIB-1198):	The 'index_2' is defined but its corresponding 'variable_2' is not defined for template 'lu_table_template' 'load_template'. This may lead to undesirable analysis results. (File /nfs/site/disks/vmisd_vclp_efficiency/rcg/test/cadence/venvRcg/AsicMethadology/technology/45/lib/max/MEM2_136X32_slow.lib, Line 135)
**ERROR: (TECHLIB-1198):	The 'index_2' is defined but its corresponding 'variable_2' is not defined for template 'lu_table_template' 'load_template'. This may lead to undesirable analysis results. (File /nfs/site/disks/vmisd_vclp_efficiency/rcg/test/cadence/venvRcg/AsicMethadology/technology/45/lib/max/MEM2_128X16_slow.lib, Line 135)
**ERROR: (TECHLIB-1198):	The 'index_2' is defined but its corresponding 'variable_2' is not defined for template 'lu_table_template' 'load_template'. This may lead to undesirable analysis results. (File /nfs/site/disks/vmisd_vclp_efficiency/rcg/test/cadence/venvRcg/AsicMethadology/technology/45/lib/max/MEM2_1024X32_slow.lib, Line 135)
**ERROR: (TECHLIB-1198):	The 'index_2' is defined but its corresponding 'variable_2' is not defined for template 'lu_table_template' 'load_template'. This may lead to undesirable analysis results. (File /nfs/site/disks/vmisd_vclp_efficiency/rcg/test/cadence/venvRcg/AsicMethadology/technology/45/lib/max/MEM1_4096X32_slow.lib, Line 135)
**ERROR: (TECHLIB-1198):	The 'index_2' is defined but its corresponding 'variable_2' is not defined for template 'lu_table_template' 'load_template'. This may lead to undesirable analysis results. (File /nfs/site/disks/vmisd_vclp_efficiency/rcg/test/cadence/venvRcg/AsicMethadology/technology/45/lib/max/MEM1_256X32_slow.lib, Line 135)
**ERROR: (TECHLIB-1198):	The 'index_2' is defined but its corresponding 'variable_2' is not defined for template 'lu_table_template' 'load_template'. This may lead to undesirable analysis results. (File /nfs/site/disks/vmisd_vclp_efficiency/rcg/test/cadence/venvRcg/AsicMethadology/technology/45/lib/max/MEM1_1024X32_slow.lib, Line 135)
**ERROR: (TECHLIB-1198):	The 'index_2' is defined but its corresponding 'variable_2' is not defined for template 'lu_table_template' 'load_template'. This may lead to undesirable analysis results. (File /nfs/site/disks/vmisd_vclp_efficiency/rcg/test/cadence/venvRcg/AsicMethadology/technology/45/lib/max/MEM2_128X32_slow.lib, Line 135)
**ERROR: (TECHLIB-1198):	The 'index_2' is defined but its corresponding 'variable_2' is not defined for template 'lu_table_template' 'load_template'. This may lead to undesirable analysis results. (File /nfs/site/disks/vmisd_vclp_efficiency/rcg/test/cadence/venvRcg/AsicMethadology/technology/45/lib/min/pdkIO.lib, Line 135)
**ERROR: (TECHLIB-1197):	The cell 'PADO' on line 142 is neither a pad cell nor an auxiliary pad cell but has 'is_pad' attribute set to true on  pin PAD at line 156. (File /nfs/site/disks/vmisd_vclp_efficiency/rcg/test/cadence/venvRcg/AsicMethadology/technology/45/lib/min/pdkIO.lib)
**ERROR: (TECHLIB-1197):	The cell 'PADI' on line 197 is neither a pad cell nor an auxiliary pad cell but has 'is_pad' attribute set to true on  pin PAD at line 204. (File /nfs/site/disks/vmisd_vclp_efficiency/rcg/test/cadence/venvRcg/AsicMethadology/technology/45/lib/min/pdkIO.lib)
**ERROR: (TECHLIB-1197):	The cell 'PADIO' on line 252 is neither a pad cell nor an auxiliary pad cell but has 'is_pad' attribute set to true on  pin PAD at line 260. (File /nfs/site/disks/vmisd_vclp_efficiency/rcg/test/cadence/venvRcg/AsicMethadology/technology/45/lib/min/pdkIO.lib)
**ERROR: (TECHLIB-1198):	The 'index_2' is defined but its corresponding 'variable_2' is not defined for template 'lu_table_template' 'load_template'. This may lead to undesirable analysis results. (File /nfs/site/disks/vmisd_vclp_efficiency/rcg/test/cadence/venvRcg/AsicMethadology/technology/45/lib/min/MEM2_512X32_slow.lib, Line 135)
**ERROR: (TECHLIB-1198):	The 'index_2' is defined but its corresponding 'variable_2' is not defined for template 'lu_table_template' 'load_template'. This may lead to undesirable analysis results. (File /nfs/site/disks/vmisd_vclp_efficiency/rcg/test/cadence/venvRcg/AsicMethadology/technology/45/lib/min/MEM2_4096X32_slow.lib, Line 135)
**ERROR: (TECHLIB-1198):	The 'index_2' is defined but its corresponding 'variable_2' is not defined for template 'lu_table_template' 'load_template'. This may lead to undesirable analysis results. (File /nfs/site/disks/vmisd_vclp_efficiency/rcg/test/cadence/venvRcg/AsicMethadology/technology/45/lib/min/MEM2_2048X32_slow.lib, Line 135)
**ERROR: (TECHLIB-1198):	The 'index_2' is defined but its corresponding 'variable_2' is not defined for template 'lu_table_template' 'load_template'. This may lead to undesirable analysis results. (File /nfs/site/disks/vmisd_vclp_efficiency/rcg/test/cadence/venvRcg/AsicMethadology/technology/45/lib/min/MEM2_136X32_slow.lib, Line 135)
**ERROR: (TECHLIB-1198):	The 'index_2' is defined but its corresponding 'variable_2' is not defined for template 'lu_table_template' 'load_template'. This may lead to undesirable analysis results. (File /nfs/site/disks/vmisd_vclp_efficiency/rcg/test/cadence/venvRcg/AsicMethadology/technology/45/lib/min/MEM2_128X16_slow.lib, Line 135)
**ERROR: (TECHLIB-1198):	The 'index_2' is defined but its corresponding 'variable_2' is not defined for template 'lu_table_template' 'load_template'. This may lead to undesirable analysis results. (File /nfs/site/disks/vmisd_vclp_efficiency/rcg/test/cadence/venvRcg/AsicMethadology/technology/45/lib/min/MEM2_1024X32_slow.lib, Line 135)
**ERROR: (TECHLIB-1198):	The 'index_2' is defined but its corresponding 'variable_2' is not defined for template 'lu_table_template' 'load_template'. This may lead to undesirable analysis results. (File /nfs/site/disks/vmisd_vclp_efficiency/rcg/test/cadence/venvRcg/AsicMethadology/technology/45/lib/min/MEM1_4096X32_slow.lib, Line 135)
**ERROR: (TECHLIB-1198):	The 'index_2' is defined but its corresponding 'variable_2' is not defined for template 'lu_table_template' 'load_template'. This may lead to undesirable analysis results. (File /nfs/site/disks/vmisd_vclp_efficiency/rcg/test/cadence/venvRcg/AsicMethadology/technology/45/lib/min/MEM1_256X32_slow.lib, Line 135)
**ERROR: (IMPLF-82):	The x coordinate value 0.0740
**ERROR: (IMPSP-9093):	Termination cell is not found for adding well tap column termination cells.
**ERROR: (IMPSP-9092):	Option cell or termination_cell is required for command 'add_well_taps'.
**ERROR: (IMPOPT-6217):	Net '' is a multi-driver net, and cannot be buffered by 'attachIOBuffer' command.
